<?xml version="1.0" encoding="UTF-8"?>
<!-- Generated by org.testng.reporters.JUnitXMLReporter -->
<testsuite ignored="2" hostname="DESKTOP-LUNMJ0A" failures="0" tests="2" name="Test" time="50.607" errors="0" timestamp="2023-03-20T13:17:10 IST">
  <testcase classname="Scenarios_1_5.CreateOrganization2" name="createOrg" time="18.286"/>
  <testcase classname="Scenarios_1_5.CreateContact1" name="createContact1" time="8.176"/>
  <testcase classname="vtiger.GenericUtility.BaseClass" name="@BeforeSuite bsConfig" time="0.0">
    <ignored/>
  </testcase> <!-- @BeforeSuite bsConfig -->
  <testcase classname="vtiger.GenericUtility.BaseClass" name="@AfterSuite asConfig" time="0.0">
    <ignored/>
  </testcase> <!-- @AfterSuite asConfig -->
</testsuite> <!-- Test -->
