<?xml version="1.0" encoding="UTF-8"?>
<testng-results ignored="0" total="1" passed="1" failed="0" skipped="0">
  <reporter-output>
  </reporter-output>
  <suite started-at="2023-03-20T16:34:59 IST" name="Default suite" finished-at="2023-03-20T16:35:16 IST" duration-ms="17297">
    <groups>
    </groups>
    <test started-at="2023-03-20T16:34:59 IST" name="Default test" finished-at="2023-03-20T16:35:16 IST" duration-ms="17297">
      <class name="vtiger.OrganizationTest.CreateOrganizationTest">
        <test-method is-config="true" signature="bsConfig()[pri:0, instance:vtiger.OrganizationTest.CreateOrganizationTest@55634720]" started-at="2023-03-20T16:34:59 IST" name="bsConfig" finished-at="2023-03-20T16:34:59 IST" duration-ms="10" status="PASS">
          <reporter-output>
          </reporter-output>
        </test-method> <!-- bsConfig -->
        <test-method is-config="true" signature="bcConfig()[pri:0, instance:vtiger.OrganizationTest.CreateOrganizationTest@55634720]" started-at="2023-03-20T16:34:59 IST" name="bcConfig" finished-at="2023-03-20T16:35:04 IST" duration-ms="5543" status="PASS">
          <reporter-output>
          </reporter-output>
        </test-method> <!-- bcConfig -->
        <test-method is-config="true" signature="bmConfig()[pri:0, instance:vtiger.OrganizationTest.CreateOrganizationTest@55634720]" started-at="2023-03-20T16:35:05 IST" name="bmConfig" finished-at="2023-03-20T16:35:06 IST" duration-ms="1934" status="PASS">
          <reporter-output>
          </reporter-output>
        </test-method> <!-- bmConfig -->
        <test-method signature="CreateOrganization()[pri:0, instance:vtiger.OrganizationTest.CreateOrganizationTest@55634720]" started-at="2023-03-20T16:35:06 IST" name="CreateOrganization" finished-at="2023-03-20T16:35:14 IST" duration-ms="7790" status="PASS">
          <reporter-output>
          </reporter-output>
        </test-method> <!-- CreateOrganization -->
        <test-method is-config="true" signature="amConfig()[pri:0, instance:vtiger.OrganizationTest.CreateOrganizationTest@55634720]" started-at="2023-03-20T16:35:14 IST" name="amConfig" finished-at="2023-03-20T16:35:15 IST" duration-ms="1104" status="PASS">
          <reporter-output>
          </reporter-output>
        </test-method> <!-- amConfig -->
        <test-method is-config="true" signature="acConfig()[pri:0, instance:vtiger.OrganizationTest.CreateOrganizationTest@55634720]" started-at="2023-03-20T16:35:15 IST" name="acConfig" finished-at="2023-03-20T16:35:16 IST" duration-ms="890" status="PASS">
          <reporter-output>
          </reporter-output>
        </test-method> <!-- acConfig -->
        <test-method is-config="true" signature="asConfig()[pri:0, instance:vtiger.OrganizationTest.CreateOrganizationTest@55634720]" started-at="2023-03-20T16:35:16 IST" name="asConfig" finished-at="2023-03-20T16:35:16 IST" duration-ms="0" status="PASS">
          <reporter-output>
          </reporter-output>
        </test-method> <!-- asConfig -->
      </class> <!-- vtiger.OrganizationTest.CreateOrganizationTest -->
    </test> <!-- Default test -->
  </suite> <!-- Default suite -->
</testng-results>
